<?xml version="1.0" encoding="UTF-8"?>
<testsuite xmlns:xsi="http://www.w3.org/2001/XMLSchema-instance" xsi:noNamespaceSchemaLocation="https://maven.apache.org/surefire/maven-surefire-plugin/xsd/surefire-test-report-3.0.xsd" version="3.0" name="backend.BackendTest" time="4.552" tests="1" errors="0" skipped="0" failures="0">
  <properties>
[...]
</properties>
  <testcase name="testParallel" classname="backend.BackendTest" time="4.528">
    <system-out><![CDATA[08:02:15.598 [main] DEBUG com.intuit.karate.Suite - [config] classpath:karate-config.js
08:02:16.730 [pool-2-thread-1] INFO  com.intuit.karate - karate.env system property was: null 
08:02:17.011 [pool-2-thread-1] DEBUG com.intuit.karate - request:
1 > GET https://serverest.dev/usuarios
1 > Host: serverest.dev
1 > Connection: Keep-Alive
1 > User-Agent: Apache-HttpClient/4.5.14 (Java/24)
1 > Accept-Encoding: gzip,deflate


08:02:17.928 [pool-2-thread-1] DEBUG com.intuit.karate - response time in milliseconds: 912
1 < 200
1 < access-control-allow-origin: *
1 < x-dns-prefetch-control: off
1 < x-frame-options: SAMEORIGIN
1 < strict-transport-security: max-age=15552000; includeSubDomains
1 < x-download-options: noopen
1 < x-content-type-options: nosniff
1 < x-xss-protection: 1; mode=block
1 < content-type: application/json; charset=utf-8
1 < x-cloud-trace-context: 5d7e2ec31294601af3ba21c73788ce50;o=1
1 < date: Wed, 02 Apr 2025 13:02:17 GMT
1 < server: Google Frontend
1 < Content-Length: 24808
{
    "quantidade": 112,
    "usuarios": [
        {
            "nome": "Fulano da Silva",
            "email": "fulano@qa.com",
            "password": "teste",
            "administrador": "true",
            "_id": "0uxuPY0cbmQhpEz1"
        },
        {
            "nome": "Sherry Harris",
            "email": "Sherry_Harris@testeautomacao.com",
            "password": "123456",
            "administrador": "true",
            "_id": "1pRMlDTlQwWMlJJU"
        },
        {
            "nome": "Douglas Turner",
            "email": "Douglas_Turner@testeautomacao.com",
            "password": "123456",
            "administrador": "true",
            "_id": "2gt4WFmd6h4MYulk"
        },
        {
            "nome": "Scott Bass",
            "email": "Scott_Bass@testeautomacao.com",
            "password": "123456",
            "administrador": "true",
            "_id": "3Wwb1hpbfah3Cw1b"
        },
        {
            "nome": "Linda Knapp",
            "email": "Linda_Knapp@testeautomacao.com",
            "password": "123456",
            "administrador": "true",
            "_id": "4p1giPpoqlcceSXi"
        },
        {
            "nome": "Tracy Holden",
            "email": "Tracy_Holden@testeautomacao.com",
            "password": "123456",
            "administrador": "true",
            "_id": "5ryCUj2PzOvI6Cjf"
        },
        {
            "nome": "Deborah Lyons",
            "email": "Deborah_Lyons@testeautomacao.com",
            "password": "123456",
            "administrador": "true",
            "_id": "7Bs9uLnT45AAqnHz"
        },
        {
            "nome": "Eric Richmond",
            "email": "westjennifer@example.net",
            "password": "3J3R8rNiP*",
            "administrador": "true",
            "_id": "9TbaRk1xgguIO1iF"
        },
        {
            "nome": "Jennifer Ford",
            "email": "Jennifer_Ford@testeautomacao.com",
            "password": "123456",
            "administrador": "true",
            "_id": "9gCS1DaiiRFavccN"
        },
        {
            "nome": "Gregory Gaines",
            "email": "Gregory_Gaines@testeautomacao.com",
            "password": "123456",
            "administrador": "true",
            "_id": "9kp5oPy62gTICrZq"
        },
        {
            "nome": "Craig Johnston V",
            "email": "craigjohnstonv@test.com",
            "password": "Test;123",
            "administrador": "false",
            "_id": "AEAcJe1h7zpq2yYm"
        },
        {
            "nome": "Lavina",
            "email": "malvina.kuphal@hotmail.com",
            "password": "rt52xgdisnx96u",
            "administrador": "true",
            "_id": "AaDcaGYiuIRcmJ83"
        },
        {
            "nome": "Sandra Nelson",
            "email": "Sandra_Nelson@testeautomacao.com",
            "password": "123456",
            "administrador": "true",
            "_id": "AlpHjJadqa9Nigi3"
        },
        {
            "nome": "Timothy Lee",
            "email": "Timothy_Lee@testeautomacao.com",
            "password": "123456",
            "administrador": "true",
            "_id": "AqibIRlWMS7Ya6tR"
        },
        {
            "nome": "Bianca Nichols",
            "email": "Bianca_Nichols@testeautomacao.com",
            "password": "123456",
            "administrador": "true",
            "_id": "BOhnhKUOz1CcrD2L"
        },
        {
            "nome": "Mayara Fernandes",
            "email": "fmoore@example.com",
            "password": "123456",
            "administrador": "true",
            "_id": "Bhv6eYQaLJiiQCcB"
        },
        {
            "nome": "Candice DuBuque",
            "email": "charleneschimmeli@test.com",
            "password": "Test;123",
            "administrador": "true",
            "_id": "C10rJGcASVFxLV27"
        },
        {
            "nome": "William Horton",
            "email": "William_Horton@testeautomacao.com",
            "password": "123456",
            "administrador": "true",
            "_id": "EX7NMSte1ooW5Zd7"
        },
        {
            "nome": "Jose Martin FG",
            "email": "nadie1234@qa.com.br",
            "password": "teste",
            "administrador": "true",
            "_id": "EqzUhUNNsPMN3zrB"
        },
        {
            "nome": "Fulano da Silva",
            "email": "beltrano@qa.com.br",
            "password": "teste",
            "administrador": "true",
            "_id": "Ex4KCliTMCsdhNH9"
        },
        {
            "nome": "Brian Robertson",
            "email": "Brian_Robertson@testeautomacao.com",
            "password": "123456",
            "administrador": "true",
            "_id": "FVDW3kp1qfofNYId"
        },
        {
            "nome": "Juan Bauch",
            "email": "juanbauch@test.com",
            "password": "Test;123",
            "administrador": "true",
            "_id": "G3SCJqgf98DRlYFZ"
        },
        {
            "nome": "Parker Flores",
            "email": "Parker_Flores@testeautomacao.com",
            "password": "123456",
            "administrador": "true",
            "_id": "Hrabs7YT0oxp6E4P"
        },
        {
            "nome": "Mrs. Katherine Carr",
            "email": "Mrs._Katherine_Carr@testeautomacao.com",
            "password": "123456",
            "administrador": "true",
            "_id": "I94V7veVwVGNrPca"
        },
        {
            "nome": "Rodney Key",
            "email": "Rodney_Key@testeautomacao.com",
            "password": "123456",
            "administrador": "true",
            "_id": "IEJwYS05q5Rt5XRi"
        },
        {
            "nome": "Colleen Ramos",
            "email": "Colleen_Ramos@testeautomacao.com",
            "password": "123456",
            "administrador": "true",
            "_id": "IINAZEgF2AIid64H"
        },
        {
            "nome": "Jose Martin FG",
            "email": "nadie12388456@qa.com.br",
            "password": "teste",
            "administrador": "true",
            "_id": "JVok2d3nuMkcD3A7"
        },
        {
            "nome": "Jose Martin FG",
            "email": "josefg@qa.com.br",
            "password": "teste",
            "administrador": "true",
            "_id": "Jnunyhvv5ZDMjnDE"
        },
        {
            "nome": "Kristin Jones",
            "email": "Kristin_Jones@testeautomacao.com",
            "password": "123456",
            "administrador": "true",
            "_id": "Jwb89ff94PTpq08X"
        },
        {
            "nome": "Meghan Sparks",
            "email": "Meghan_Sparks@testeautomacao.com",
            "password": "123456",
            "administrador": "true",
            "_id": "KgOpL7gz0dxo6lf5"
        },
        {
            "nome": "Mayara Fernandes",
            "email": "richardallen@example.org",
            "password": "123456",
            "administrador": "true",
            "_id": "Kv7Rv9uZIkroCQZ2"
        },
        {
            "nome": "Cameron Bishop",
            "email": "bradleywebb@example.com",
            "password": "sG)S0QPddt",
            "administrador": "true",
            "_id": "MKpw6RfOt3O7Kang"
        },
        {
            "nome": "Christopher Rodriguez",
            "email": "Christopher_Rodriguez@testeautomacao.com",
            "password": "123456",
            "administrador": "true",
            "_id": "OFfArEAbNDldaf3U"
        },
        {
            "nome": "Mayara Fernandes",
            "email": "taylor23@example.net",
            "password": "123456",
            "administrador": "true",
            "_id": "Pke0LZrwQk0SUMUo"
        },
        {
            "nome": "Tammy Fry",
            "email": "Tammy_Fry@testeautomacao.com",
            "password": "123456",
            "administrador": "true",
            "_id": "PpRYQyWFbwpQL1he"
        },
        {
            "nome": "Mary Hester",
            "email": "Mary_Hester@testeautomacao.com",
            "password": "123456",
            "administrador": "true",
            "_id": "PtC4TTPYZpXimrsU"
        },
        {
            "nome": "Inexistente",
            "email": "inexistente@qa.com",
            "password": "123",
            "administrador": "false",
            "_id": "QCX7ELcVaftR9hLF"
        },
        {
            "nome": "Michael Castillo",
            "email": "Michael_Castillo@testeautomacao.com",
            "password": "123456",
            "administrador": "true",
            "_id": "QNngvZwkyMxEbI7N"
        },
        {
            "nome": "Gregory Brown MD",
            "email": "Gregory_Brown_MD@testeautomacao.com",
            "password": "123456",
            "administrador": "true",
            "_id": "Rw2Q1vsTswRwBqPL"
        },
        {
            "nome": "Diana Byrd",
            "email": "Diana_Byrd@testeautomacao.com",
            "password": "123456",
            "administrador": "true",
            "_id": "SXQqscqtmU5jYDwL"
        },
        {
            "nome": "John Gallagher",
            "email": "John_Gallagher@testeautomacao.com",
            "password": "123456",
            "administrador": "true",
            "_id": "Sa9jJ2hECv7LsGp6"
        },
        {
            "nome": "Juliana",
            "email": "testetesteteste@mail.com",
            "password": "teste",
            "administrador": "true",
            "_id": "SseRxnRDAJTEHhBd"
        },
        {
            "nome": "Matthew Walker",
            "email": "anthony98@example.net",
            "password": "@4B0Eu%nmQ",
            "administrador": "true",
            "_id": "Swhvdr9ivhwkhTIt"
        },
        {
            "nome": "Mayara Fernandes",
            "email": "bturner@example.com",
            "password": "123456",
            "administrador": "true",
            "_id": "TDJBv5h6EHOwJxdM"
        },
        {
            "nome": "Elizabeth Rose",
            "email": "Elizabeth_Rose@testeautomacao.com",
            "password": "123456",
            "administrador": "true",
            "_id": "TFlWdomQTk5Htr7K"
        },
        {
            "nome": "Larry Duncan",
            "email": "Larry_Duncan@testeautomacao.com",
            "password": "123456",
            "administrador": "true",
            "_id": "TlJbwFKQ9PydQOCi"
        },
        {
            "nome": "Mayara Fernandes",
            "email": "treynolds@example.org",
            "password": "123456",
            "administrador": "true",
            "_id": "U6Ifhko8gHnYyXgP"
        },
        {
            "nome": "Jose Martin FG",
            "email": "nadie123456@qa.com.br",
            "password": "teste",
            "administrador": "true",
            "_id": "UDGvkx54XYTwmNsM"
        },
        {
            "nome": "Cathy Petersen",
            "email": "Cathy_Petersen@testeautomacao.com",
            "password": "123456",
            "administrador": "true",
            "_id": "UpkjceHLpg3B8H49"
        },
        {
            "nome": "Jennifer Levy",
            "email": "Jennifer_Levy@testeautomacao.com",
            "password": "123456",
            "administrador": "true",
            "_id": "VOVVT57w11ZYNR1W"
        },
        {
            "nome": "Blanca Howe",
            "email": "blancahowe@test.com",
            "password": "Test;123",
            "administrador": "true",
            "_id": "VpZte2tBpzs6ZBNN"
        },
        {
            "nome": "Stefanie Guerra",
            "email": "Stefanie_Guerra@testeautomacao.com",
            "password": "123456",
            "administrador": "true",
            "_id": "VrISZBzpyDQW3X8e"
        },
        {
            "nome": "Juliana",
            "email": "testetestetest@email.com",
            "password": "teste",
            "administrador": "true",
            "_id": "W8W0BeFE74YbogsG"
        },
        {
            "nome": "Caitlyn Adams",
            "email": "Caitlyn_Adams@testeautomacao.com",
            "password": "123456",
            "administrador": "true",
            "_id": "X4lcMvmCjbbQmME2"
        },
        {
            "nome": "Daniel White",
            "email": "Daniel_White@testeautomacao.com",
            "password": "123456",
            "administrador": "true",
            "_id": "XXqLd1xYzyIXVuGm"
        },
        {
            "nome": "Tara Reed",
            "email": "Tara_Reed@testeautomacao.com",
            "password": "123456",
            "administrador": "true",
            "_id": "YL0AWD6bghODWraJ"
        },
        {
            "nome": "Cody Snyder",
            "email": "Cody_Snyder@testeautomacao.com",
            "password": "123456",
            "administrador": "true",
            "_id": "Z4ucKQJOp7uQEWQ2"
        },
        {
            "nome": "Beth Mahoney",
            "email": "Beth_Mahoney@testeautomacao.com",
            "password": "123456",
            "administrador": "true",
            "_id": "a4YlMbT4aWHLyS4g"
        },
        {
            "nome": "Jason Reed",
            "email": "Jason_Reed@testeautomacao.com",
            "password": "123456",
            "administrador": "true",
            "_id": "b0l6cWBBtwAcabnm"
        },
        {
            "nome": "Anne Garcia",
            "email": "Anne_Garcia@testeautomacao.com",
            "password": "123456",
            "administrador": "true",
            "_id": "bGMtAneohNZvaxKy"
        },
        {
            "nome": "Mayara Fernandes",
            "email": "wwilliams@example.net",
            "password": "123456",
            "administrador": "true",
            "_id": "c60eXEc6cBAeTMe0"
        },
        {
            "nome": "Tracy Torres",
            "email": "Tracy_Torres@testeautomacao.com",
            "password": "123456",
            "administrador": "true",
            "_id": "cNK9Eb1kq39EsbHM"
        },
        {
            "nome": "Ignacio",
            "email": "alethia.cruickshank@gmail.com",
            "password": "n4j6ouo62udkptw",
            "administrador": "true",
            "_id": "dNRx2I44wCpo5Scg"
        },
        {
            "nome": "Mayara Fernandes",
            "email": "tpowers@example.com",
            "password": "123456",
            "administrador": "true",
            "_id": "dWfPdDYSCFU21T1e"
        },
        {
            "nome": "Richard Parrish MD",
            "email": "Richard_Parrish_MD@testeautomacao.com",
            "password": "123456",
            "administrador": "true",
            "_id": "dtMi6eINBsRAL5ay"
        },
        {
            "nome": "Alexie_Wintheiser",
            "email": "Emory2@hotmail.com",
            "password": "748630871",
            "administrador": "true",
            "_id": "fTfJ4DJW9tu451an"
        },
        {
            "nome": "Mayara Fernandes",
            "email": "rogerspatricia@example.com",
            "password": "123456",
            "administrador": "true",
            "_id": "fulwKZTcv1obThMw"
        },
        {
            "nome": "Eric Rodriguez",
            "email": "Eric_Rodriguez@testeautomacao.com",
            "password": "123456",
            "administrador": "true",
            "_id": "gAFVcf13wWtgTVsg"
        },
        {
            "nome": "Alicia Nguyen",
            "email": "Alicia_Nguyen@testeautomacao.com",
            "password": "123456",
            "administrador": "true",
            "_id": "ga3UQWsoKH64zTY0"
        },
        {
            "nome": "Nicole Garcia",
            "email": "Nicole_Garcia@testeautomacao.com",
            "password": "123456",
            "administrador": "true",
            "_id": "h6bItqDeLvzAcbsc"
        },
        {
            "nome": "Mayara Fernandes",
            "email": "smithamy@example.com",
            "password": "123456",
            "administrador": "true",
            "_id": "haYDbweqz0eQvgWJ"
        },
        {
            "nome": "testeWinnin",
            "email": "testeWinnin@teste.com",
            "password": "Winnin123",
            "administrador": "false",
            "_id": "huZEeVkc9jdOoJmP"
        },
        {
            "nome": "Jose Martin FG",
            "email": "josemartin@qa.com.br",
            "password": "teste",
            "administrador": "true",
            "_id": "i3Vg0Fxbj3S0aJqt"
        },
        {
            "nome": "Mayara Fernandes",
            "email": "hinesvanessa@example.net",
            "password": "123456",
            "administrador": "true",
            "_id": "i9MtO2bloQ08kYkt"
        },
        {
            "nome": "Wanda Roberts",
            "email": "Wanda_Roberts@testeautomacao.com",
            "password": "123456",
            "administrador": "true",
            "_id": "iCqDXp3TFkWUdqng"
        },
        {
            "nome": "Andrea Silva",
            "email": "Andrea_Silva@testeautomacao.com",
            "password": "123456",
            "administrador": "true",
            "_id": "iE2Ay4ilIw8vnrGE"
        },
        {
            "nome": "Mayara Fernandes",
            "email": "mgrimes@example.org",
            "password": "123456",
            "administrador": "true",
            "_id": "irHtpR3MuUo8yNow"
        },
        {
            "nome": "Jose Martin FG",
            "email": "nadie12345@qa.com.br",
            "password": "teste",
            "administrador": "true",
            "_id": "jKegvu2Kt2fXNXyi"
        },
        {
            "nome": "Bryan Macias",
            "email": "Bryan_Macias@testeautomacao.com",
            "password": "123456",
            "administrador": "true",
            "_id": "jLHqSqdxHfVJyYOs"
        },
        {
            "nome": "Julie Young",
            "email": "Julie_Young@testeautomacao.com",
            "password": "123456",
            "administrador": "true",
            "_id": "jUDUEzb7OwXy5u6Y"
        },
        {
            "nome": "Devin Brown",
            "email": "Devin_Brown@testeautomacao.com",
            "password": "123456",
            "administrador": "true",
            "_id": "kdLHssi9x6MuA5uj"
        },
        {
            "nome": "Jose Hess",
            "email": "Jose_Hess@testeautomacao.com",
            "password": "123456",
            "administrador": "true",
            "_id": "kiUTafYAHgxgNiCa"
        },
        {
            "nome": "Tamara Marks",
            "email": "Tamara_Marks@testeautomacao.com",
            "password": "123456",
            "administrador": "true",
            "_id": "kqIAF8h3sj4Ncmy3"
        },
        {
            "nome": "Christine Smith",
            "email": "Christine_Smith@testeautomacao.com",
            "password": "123456",
            "administrador": "true",
            "_id": "mcSKoFeKBtwINmGY"
        },
        {
            "nome": "William Pearson",
            "email": "William_Pearson@testeautomacao.com",
            "password": "123456",
            "administrador": "true",
            "_id": "mfGrOy48SZThPS5u"
        },
        {
            "nome": "Michelle Smith",
            "email": "Michelle_Smith@testeautomacao.com",
            "password": "123456",
            "administrador": "true",
            "_id": "nwSrl6LC1xOOkh92"
        },
        {
            "nome": "Heather Miles",
            "email": "Heather_Miles@testeautomacao.com",
            "password": "123456",
            "administrador": "true",
            "_id": "okii9mVMxqPRb2qx"
        },
        {
            "nome": "Crystal Cox",
            "email": "Crystal_Cox@testeautomacao.com",
            "password": "123456",
            "administrador": "true",
            "_id": "oxRgjmeneRFCEksC"
        },
        {
            "nome": "Kristopher Farrell",
            "email": "kristopherfarrell@test.com",
            "password": "Test;123",
            "administrador": "true",
            "_id": "pknjdfqOvsu2syGo"
        },
        {
            "nome": "Brenda Beltran",
            "email": "Brenda_Beltran@testeautomacao.com",
            "password": "123456",
            "administrador": "true",
            "_id": "qohYKVNHhOkXMkOA"
        },
        {
            "nome": "Stephanie Bauer",
            "email": "Stephanie_Bauer@testeautomacao.com",
            "password": "123456",
            "administrador": "true",
            "_id": "rLETAmCpFn1oKIwn"
        },
        {
            "nome": "William Gallagher",
            "email": "William_Gallagher@testeautomacao.com",
            "password": "123456",
            "administrador": "true",
            "_id": "rLaLlkK5JWhqKeE5"
        },
        {
            "nome": "Haley Lucero",
            "email": "Haley_Lucero@testeautomacao.com",
            "password": "123456",
            "administrador": "true",
            "_id": "rwGKmy6aVMoAufpJ"
        },
        {
            "nome": "Zachary King",
            "email": "Zachary_King@testeautomacao.com",
            "password": "123456",
            "administrador": "true",
            "_id": "sOnfQhufyRmyUpA3"
        },
        {
            "nome": "Angela Martin",
            "email": "Angela_Martin@testeautomacao.com",
            "password": "123456",
            "administrador": "true",
            "_id": "sRDYUtUXgf8VrUMx"
        },
        {
            "nome": "Roger Powell",
            "email": "Roger_Powell@testeautomacao.com",
            "password": "123456",
            "administrador": "true",
            "_id": "tMW4fZnGYlogpYjX"
        },
        {
            "nome": "Christopher White DDS",
            "email": "Christopher_White_DDS@testeautomacao.com",
            "password": "123456",
            "administrador": "true",
            "_id": "tQmDYIJrWREt8WVJ"
        },
        {
            "nome": "Jose Martin FG",
            "email": "josefg32@qa.com.br",
            "password": "teste",
            "administrador": "true",
            "_id": "tfhgY5YNHTwopaQM"
        },
        {
            "nome": "Kyle Baker",
            "email": "Kyle_Baker@testeautomacao.com",
            "password": "123456",
            "administrador": "true",
            "_id": "tzeRe9rvF7N9A204"
        },
        {
            "nome": "Kimberly Cole",
            "email": "kimberlycole@test.com",
            "password": "Test;123",
            "administrador": "false",
            "_id": "u1ae4LMfPZw1g0p3"
        },
        {
            "nome": "Jimmy Carpenter",
            "email": "Jimmy_Carpenter@testeautomacao.com",
            "password": "123456",
            "administrador": "true",
            "_id": "uR1As2ECu2eMRiYX"
        },
        {
            "nome": "Jason Duarte",
            "email": "Jason_Duarte@testeautomacao.com",
            "password": "123456",
            "administrador": "true",
            "_id": "uXU2OioBceA6Thcp"
        },
        {
            "nome": "Michael Murphy",
            "email": "kathryn95@example.org",
            "password": "u8TJ1Lzw&k",
            "administrador": "true",
            "_id": "vA8zSJeibRm9tOti"
        },
        {
            "nome": "Jessica Thomas",
            "email": "Jessica_Thomas@testeautomacao.com",
            "password": "123456",
            "administrador": "true",
            "_id": "vlgkxAdNUDdIVLrR"
        },
        {
            "nome": "Olin.Botsford98",
            "email": "Nelda.Koch@hotmail.com",
            "password": "371849310",
            "administrador": "true",
            "_id": "vvaBecpOqVBIO5qf"
        },
        {
            "nome": "Alexandra Stewart",
            "email": "Alexandra_Stewart@testeautomacao.com",
            "password": "123456",
            "administrador": "true",
            "_id": "wAluTfuEqGUy7qlb"
        },
        {
            "nome": "Miss Cathy Patterson",
            "email": "Miss_Cathy_Patterson@testeautomacao.com",
            "password": "123456",
            "administrador": "true",
            "_id": "wEqnQcrJ67vVyfyc"
        },
        {
            "nome": "Larry Copeland",
            "email": "Larry_Copeland@testeautomacao.com",
            "password": "123456",
            "administrador": "true",
            "_id": "wQsFEzAqHYouMfZ4"
        },
        {
            "nome": "Jose Martin FG",
            "email": "josefg3@qa.com.br",
            "password": "teste",
            "administrador": "true",
            "_id": "xDbQcM8UYW1Sx7Qd"
        },
        {
            "nome": "Ernestine Stroman",
            "email": "ernestinestroman@test.com",
            "password": "Test;123",
            "administrador": "true",
            "_id": "yniZt3Qa0yA5xQ3p"
        },
        {
            "nome": "Mayara Fernandes",
            "email": "berryjacob@example.net",
            "password": "123456",
            "administrador": "true",
            "_id": "ypuL3IERVFSz4bLq"
        },
        {
            "nome": "Michele Young",
            "email": "Michele_Young@testeautomacao.com",
            "password": "123456",
            "administrador": "true",
            "_id": "ziAP2hnRqDBNKBpu"
        }
    ]
}

---------------------------------------------------------
feature: classpath:backend/users/users.feature
scenarios:  1 | passed:  1 | failed:  0 | time: 1,2043
---------------------------------------------------------

08:02:19.019 [pool-3-thread-1] INFO  com.intuit.karate.Suite - <<pass>> feature 1 of 1 (0 remaining) classpath:backend/users/users.feature
Karate version: 1.5.0
======================================================
elapsed:   4,05 | threads:    5 | thread time: 1,20 
features:     1 | skipped:    0 | efficiency: 0,06
scenarios:    1 | passed:     1 | failed: 0
======================================================

HTML report: (paste into browser to view) | Karate version: 1.5.0
file:///D:/examen01/kbackend/target/karate-reports/karate-summary.html
===================================================================

]]></system-out>
  </testcase>
</testsuite>